<?xml version="1.0" encoding="UTF-8"?>
<testsuites>
  <testsuite name="JapaneseTest" file="/opt/lampp/htdocs/MEeL/tests/unit/JapaneseTest.php" tests="6" assertions="11" errors="0" warnings="0" failures="0" skipped="0" time="0.029178">
    <testcase name="testGetRomajiNameEmptyString" class="JapaneseTest" classname="JapaneseTest" file="/opt/lampp/htdocs/MEeL/tests/unit/JapaneseTest.php" line="21" assertions="1" time="0.001169"/>
    <testcase name="testGetRomajiNameWithLatinText" class="JapaneseTest" classname="JapaneseTest" file="/opt/lampp/htdocs/MEeL/tests/unit/JapaneseTest.php" line="26" assertions="1" time="0.015286"/>
    <testcase name="testGetRomajiNameWithSpecialChars" class="JapaneseTest" classname="JapaneseTest" file="/opt/lampp/htdocs/MEeL/tests/unit/JapaneseTest.php" line="33" assertions="1" time="0.004063"/>
    <testcase name="testAnalyzeJapaneseTextEmpty" class="JapaneseTest" classname="JapaneseTest" file="/opt/lampp/htdocs/MEeL/tests/unit/JapaneseTest.php" line="41" assertions="2" time="0.000053"/>
    <testcase name="testAnalyzeJapaneseTextBasic" class="JapaneseTest" classname="JapaneseTest" file="/opt/lampp/htdocs/MEeL/tests/unit/JapaneseTest.php" line="48" assertions="4" time="0.004351"/>
    <testcase name="testAnalyzeJapaneseTextWithAlias" class="JapaneseTest" classname="JapaneseTest" file="/opt/lampp/htdocs/MEeL/tests/unit/JapaneseTest.php" line="57" assertions="2" time="0.004256"/>
  </testsuite>
</testsuites>
